build/app/intermediates/manifest_merge_blame_file/release/manifest-merger-blame-release-report.txt
1<?xml version="1.0" encoding="utf-8"?>
2<manifest xmlns:android="http://schemas.android.com/apk/res/android"
3    package="com.example.shit"
4    android:versionCode="1"
5    android:versionName="1.0.0" >
6
7    <uses-sdk
8        android:minSdkVersion="20"
8-->src/main/AndroidManifest.xml
9        android:targetSdkVersion="31" />
9-->src/main/AndroidManifest.xml
10
11    <uses-permission android:name="android.permission.ACCESS_FINE_LOCATION" />
11-->src/main/AndroidManifest.xml:3:5-79
11-->src/main/AndroidManifest.xml:3:22-76
12    <uses-permission android:name="android.permission.FOREGROUND_SERVICE" />
12-->[:geolocator_android] AndroidManifest.xml:9:5-77
12-->[:geolocator_android] AndroidManifest.xml:9:22-74
13    <uses-permission android:name="android.permission.ACCESS_NETWORK_STATE" />
13-->[:connectivity] AndroidManifest.xml:9:5-79
13-->[:connectivity] AndroidManifest.xml:9:22-76
14    <uses-permission android:name="android.permission.RECEIVE_BOOT_COMPLETED" />
14-->[:flutter_local_notifications] AndroidManifest.xml:9:5-81
14-->[:flutter_local_notifications] AndroidManifest.xml:9:22-78
15    <uses-permission android:name="android.permission.VIBRATE" />
15-->[:flutter_local_notifications] AndroidManifest.xml:10:5-66
15-->[:flutter_local_notifications] AndroidManifest.xml:10:22-63
16    <uses-permission android:name="android.permission.USE_FULL_SCREEN_INTENT" />
16-->[:flutter_local_notifications] AndroidManifest.xml:11:5-81
16-->[:flutter_local_notifications] AndroidManifest.xml:11:22-78
17    <uses-permission android:name="android.permission.SCHEDULE_EXACT_ALARM" />
17-->[:flutter_local_notifications] AndroidManifest.xml:12:5-79
17-->[:flutter_local_notifications] AndroidManifest.xml:12:22-76
18    <uses-permission android:name="android.permission.INTERNET" />
18-->[com.google.android.gms:play-services-maps:18.0.2] AndroidManifest.xml:24:5-67
18-->[com.google.android.gms:play-services-maps:18.0.2] AndroidManifest.xml:24:22-64
19
20    <uses-feature
20-->[com.google.android.gms:play-services-maps:18.0.2] AndroidManifest.xml:26:5-28:35
21        android:glEsVersion="0x00020000"
21-->[com.google.android.gms:play-services-maps:18.0.2] AndroidManifest.xml:27:9-41
22        android:required="true" />
22-->[com.google.android.gms:play-services-maps:18.0.2] AndroidManifest.xml:28:9-32
23
24    <queries>
24-->[com.google.android.gms:play-services-maps:18.0.2] AndroidManifest.xml:30:5-34:15
25
26        <!-- Needs to be explicitly declared on Android R+ -->
27        <package android:name="com.google.android.apps.maps" />
27-->[com.google.android.gms:play-services-maps:18.0.2] AndroidManifest.xml:33:9-64
27-->[com.google.android.gms:play-services-maps:18.0.2] AndroidManifest.xml:33:18-61
28    </queries>
29
30    <application
30-->src/main/AndroidManifest.xml:4:4-46:19
31        android:appComponentFactory="androidx.core.app.CoreComponentFactory"
31-->[androidx.core:core:1.8.0] AndroidManifest.xml:24:18-86
32        android:icon="@mipmap/ic_launcher"
32-->src/main/AndroidManifest.xml:6:9-43
33        android:label="Bertucan" >
33-->src/main/AndroidManifest.xml:5:9-33
34        <activity
34-->src/main/AndroidManifest.xml:7:9-37:20
35            android:name="com.bertucan.bertucanfrontend.bertucanfrontend.MainActivity"
35-->src/main/AndroidManifest.xml:8:13-41
36            android:configChanges="orientation|keyboardHidden|keyboard|screenSize|smallestScreenSize|locale|layoutDirection|fontScale|screenLayout|density|uiMode"
36-->src/main/AndroidManifest.xml:11:13-163
37            android:exported="true"
37-->src/main/AndroidManifest.xml:14:13-36
38            android:hardwareAccelerated="true"
38-->src/main/AndroidManifest.xml:12:13-47
39            android:launchMode="singleTop"
39-->src/main/AndroidManifest.xml:9:13-43
40            android:theme="@style/LaunchTheme"
40-->src/main/AndroidManifest.xml:10:13-47
41            android:windowSoftInputMode="adjustResize" >
41-->src/main/AndroidManifest.xml:13:13-55
42
43            <!--
44                 Specifies an Android theme to apply to this Activity as soon as
45                 the Android process has started. This theme is visible to the user
46                 while the Flutter UI initializes. After that, this theme continues
47                 to determine the Window background behind the Flutter UI.
48            -->
49            <meta-data
49-->src/main/AndroidManifest.xml:20:13-23:17
50                android:name="io.flutter.embedding.android.NormalTheme"
50-->src/main/AndroidManifest.xml:21:15-70
51                android:resource="@style/NormalTheme" />
51-->src/main/AndroidManifest.xml:22:15-52
52            <!--
53                 Displays an Android View that continues showing the launch screen
54                 Drawable until Flutter paints its first frame, then this splash
55                 screen fades out. A splash screen is useful to avoid any visual
56                 gap between the end of Android's launch screen and the painting of
57                 Flutter's first frame.
58            -->
59            <meta-data
59-->src/main/AndroidManifest.xml:29:13-32:17
60                android:name="io.flutter.embedding.android.SplashScreenDrawable"
60-->src/main/AndroidManifest.xml:30:15-79
61                android:resource="@drawable/launch_background" />
61-->src/main/AndroidManifest.xml:31:15-61
62
63            <intent-filter>
63-->src/main/AndroidManifest.xml:33:13-36:29
64                <action android:name="android.intent.action.MAIN" />
64-->src/main/AndroidManifest.xml:34:17-68
64-->src/main/AndroidManifest.xml:34:25-66
65
66                <category android:name="android.intent.category.LAUNCHER" />
66-->src/main/AndroidManifest.xml:35:17-76
66-->src/main/AndroidManifest.xml:35:27-74
67            </intent-filter>
68        </activity>
69        <!--
70             Don't delete the meta-data below.
71             This is used by the Flutter tool to generate GeneratedPluginRegistrant.java
72        -->
73        <meta-data
73-->src/main/AndroidManifest.xml:40:9-42:33
74            android:name="flutterEmbedding"
74-->src/main/AndroidManifest.xml:41:13-44
75            android:value="2" />
75-->src/main/AndroidManifest.xml:42:13-30
76        <meta-data
76-->src/main/AndroidManifest.xml:43:9-45:70
77            android:name="com.google.android.geo.API_KEY"
77-->src/main/AndroidManifest.xml:44:13-58
78            android:value="AIzaSyBP_U5uxX4VPy8fk9-OkTsNiW1usC70GEo" />
78-->src/main/AndroidManifest.xml:45:13-68
79
80        <provider
80-->[:image_picker_android] AndroidManifest.xml:10:9-18:20
81            android:name="io.flutter.plugins.imagepicker.ImagePickerFileProvider"
81-->[:image_picker_android] AndroidManifest.xml:11:13-82
82            android:authorities="com.example.shit.flutter.image_provider"
82-->[:image_picker_android] AndroidManifest.xml:12:13-74
83            android:exported="false"
83-->[:image_picker_android] AndroidManifest.xml:13:13-37
84            android:grantUriPermissions="true" >
84-->[:image_picker_android] AndroidManifest.xml:14:13-47
85            <meta-data
85-->[:image_picker_android] AndroidManifest.xml:15:13-17:75
86                android:name="android.support.FILE_PROVIDER_PATHS"
86-->[:image_picker_android] AndroidManifest.xml:16:17-67
87                android:resource="@xml/flutter_image_picker_file_paths" />
87-->[:image_picker_android] AndroidManifest.xml:17:17-72
88        </provider>
89
90        <service
90-->[:geolocator_android] AndroidManifest.xml:12:9-16:56
91            android:name="com.baseflow.geolocator.GeolocatorLocationService"
91-->[:geolocator_android] AndroidManifest.xml:13:13-77
92            android:enabled="true"
92-->[:geolocator_android] AndroidManifest.xml:14:13-35
93            android:exported="false"
93-->[:geolocator_android] AndroidManifest.xml:15:13-37
94            android:foregroundServiceType="location" />
94-->[:geolocator_android] AndroidManifest.xml:16:13-53
95
96        <receiver
96-->[:flutter_local_notifications] AndroidManifest.xml:15:9-17:40
97            android:name="com.dexterous.flutterlocalnotifications.ScheduledNotificationReceiver"
97-->[:flutter_local_notifications] AndroidManifest.xml:16:13-97
98            android:exported="false" />
98-->[:flutter_local_notifications] AndroidManifest.xml:17:13-37
99        <receiver
99-->[:flutter_local_notifications] AndroidManifest.xml:18:9-27:20
100            android:name="com.dexterous.flutterlocalnotifications.ScheduledNotificationBootReceiver"
100-->[:flutter_local_notifications] AndroidManifest.xml:19:13-101
101            android:exported="false" >
101-->[:flutter_local_notifications] AndroidManifest.xml:20:13-37
102            <intent-filter>
102-->[:flutter_local_notifications] AndroidManifest.xml:21:13-26:29
103                <action android:name="android.intent.action.BOOT_COMPLETED" />
103-->[:flutter_local_notifications] AndroidManifest.xml:22:17-79
103-->[:flutter_local_notifications] AndroidManifest.xml:22:25-76
104                <action android:name="android.intent.action.MY_PACKAGE_REPLACED" />
104-->[:flutter_local_notifications] AndroidManifest.xml:23:17-84
104-->[:flutter_local_notifications] AndroidManifest.xml:23:25-81
105                <action android:name="android.intent.action.QUICKBOOT_POWERON" />
105-->[:flutter_local_notifications] AndroidManifest.xml:24:17-82
105-->[:flutter_local_notifications] AndroidManifest.xml:24:25-79
106                <action android:name="com.htc.intent.action.QUICKBOOT_POWERON" />
106-->[:flutter_local_notifications] AndroidManifest.xml:25:17-82
106-->[:flutter_local_notifications] AndroidManifest.xml:25:25-79
107            </intent-filter>
108        </receiver>
109
110        <uses-library
110-->[androidx.window:window:1.0.0-beta04] AndroidManifest.xml:25:9-27:40
111            android:name="androidx.window.extensions"
111-->[androidx.window:window:1.0.0-beta04] AndroidManifest.xml:26:13-54
112            android:required="false" />
112-->[androidx.window:window:1.0.0-beta04] AndroidManifest.xml:27:13-37
113        <uses-library
113-->[androidx.window:window:1.0.0-beta04] AndroidManifest.xml:28:9-30:40
114            android:name="androidx.window.sidecar"
114-->[androidx.window:window:1.0.0-beta04] AndroidManifest.xml:29:13-51
115            android:required="false" /> <!-- Needs to be explicitly declared on P+ -->
115-->[androidx.window:window:1.0.0-beta04] AndroidManifest.xml:30:13-37
116        <uses-library
116-->[com.google.android.gms:play-services-maps:18.0.2] AndroidManifest.xml:39:9-41:40
117            android:name="org.apache.http.legacy"
117-->[com.google.android.gms:play-services-maps:18.0.2] AndroidManifest.xml:40:13-50
118            android:required="false" />
118-->[com.google.android.gms:play-services-maps:18.0.2] AndroidManifest.xml:41:13-37
119
120        <activity
120-->[com.google.android.gms:play-services-base:18.0.1] AndroidManifest.xml:20:9-22:45
121            android:name="com.google.android.gms.common.api.GoogleApiActivity"
121-->[com.google.android.gms:play-services-base:18.0.1] AndroidManifest.xml:20:19-85
122            android:exported="false"
122-->[com.google.android.gms:play-services-base:18.0.1] AndroidManifest.xml:22:19-43
123            android:theme="@android:style/Theme.Translucent.NoTitleBar" />
123-->[com.google.android.gms:play-services-base:18.0.1] AndroidManifest.xml:21:19-78
124
125        <meta-data
125-->[com.google.android.gms:play-services-basement:18.0.0] AndroidManifest.xml:21:9-23:69
126            android:name="com.google.android.gms.version"
126-->[com.google.android.gms:play-services-basement:18.0.0] AndroidManifest.xml:22:13-58
127            android:value="@integer/google_play_services_version" />
127-->[com.google.android.gms:play-services-basement:18.0.0] AndroidManifest.xml:23:13-66
128    </application>
129
130</manifest>